TN:
SF:src/polyfills.ts
FNF:0
FNH:0
LF:0
LH:0
BRF:0
BRH:0
end_of_record
TN:
SF:src/test.ts
FNF:0
FNH:0
DA:18,1
DA:23,1
DA:25,1
LF:3
LH:3
BRF:0
BRH:0
end_of_record
TN:
SF:src/app/app.component.ts
FNF:0
FNH:0
DA:8,1
DA:9,2
LF:2
LH:2
BRF:0
BRH:0
end_of_record
TN:
SF:src/app/album/album-routing.module.ts
FNF:0
FNH:0
DA:6,1
DA:26,1
LF:2
LH:2
BRF:0
BRH:0
end_of_record
TN:
SF:src/app/album/album.module.ts
FNF:0
FNH:0
DA:23,1
LF:1
LH:1
BRF:0
BRH:0
end_of_record
TN:
SF:src/app/album/album.service.ts
FN:15,(anonymous_0)
FN:17,(anonymous_1)
FN:21,(anonymous_2)
FN:26,(anonymous_3)
FN:31,(anonymous_4)
FNF:5
FNH:4
FNDA:28,(anonymous_0)
FNDA:16,(anonymous_1)
FNDA:3,(anonymous_2)
FNDA:2,(anonymous_3)
FNDA:0,(anonymous_4)
DA:13,1
DA:14,28
DA:15,28
DA:18,16
DA:22,3
DA:23,3
DA:27,2
DA:28,2
DA:32,0
DA:33,0
LF:10
LH:8
BRF:0
BRH:0
end_of_record
TN:
SF:src/app/album/album.ts
FN:5,(anonymous_0)
FNF:1
FNH:1
FNDA:14,(anonymous_0)
DA:6,14
DA:7,14
DA:8,14
DA:9,14
DA:10,14
DA:11,14
DA:12,14
LF:7
LH:7
BRF:0
BRH:0
end_of_record
TN:
SF:src/app/album/albumdetail.ts
FNF:0
FNH:0
LF:0
LH:0
BRF:0
BRH:0
end_of_record
TN:
SF:src/app/album/album-create/album-create.component.ts
FN:21,(anonymous_0)
FN:27,(anonymous_1)
FN:29,(anonymous_2)
FN:33,(anonymous_3)
FN:39,(anonymous_4)
FN:43,(anonymous_5)
FN:47,(anonymous_6)
FN:52,(anonymous_7)
FN:56,(anonymous_8)
FNF:9
FNH:6
FNDA:4,(anonymous_0)
FNDA:1,(anonymous_1)
FNDA:0,(anonymous_2)
FNDA:0,(anonymous_3)
FNDA:1,(anonymous_4)
FNDA:0,(anonymous_5)
FNDA:1,(anonymous_6)
FNDA:2,(anonymous_7)
FNDA:4,(anonymous_8)
DA:14,1
DA:15,4
DA:18,4
DA:19,4
DA:22,4
DA:23,4
DA:24,4
DA:28,1
DA:30,0
DA:31,0
DA:32,0
DA:34,0
DA:36,1
DA:40,1
DA:44,0
DA:48,1
DA:49,1
DA:53,2
DA:57,4
DA:66,4
DA:67,20
DA:68,20
DA:72,4
DA:73,16
DA:74,16
LF:25
LH:20
BRDA:67,0,0,20
BRDA:67,0,1,0
BRDA:73,1,0,16
BRDA:73,1,1,0
BRF:4
BRH:2
end_of_record
TN:
SF:src/app/album/album-detail/album-detail.component.ts
FN:17,(anonymous_0)
FN:25,(anonymous_1)
FN:26,(anonymous_2)
FN:31,(anonymous_3)
FN:38,(anonymous_4)
FNF:5
FNH:5
FNDA:5,(anonymous_0)
FNDA:2,(anonymous_1)
FNDA:1,(anonymous_2)
FNDA:5,(anonymous_3)
FNDA:2,(anonymous_4)
DA:13,1
DA:15,5
DA:18,5
DA:19,5
DA:26,2
DA:27,1
DA:32,5
DA:33,0
DA:34,0
DA:39,2
LF:10
LH:8
BRDA:32,0,0,0
BRDA:32,0,1,5
BRF:2
BRH:1
end_of_record
TN:
SF:src/app/album/album-list/album-list.component.ts
FN:19,(anonymous_0)
FN:21,(anonymous_1)
FN:25,(anonymous_2)
FN:26,(anonymous_3)
FN:29,(anonymous_4)
FN:35,(anonymous_5)
FN:41,(anonymous_6)
FN:43,(anonymous_7)
FNF:8
FNH:6
FNDA:6,(anonymous_0)
FNDA:6,(anonymous_1)
FNDA:6,(anonymous_2)
FNDA:0,(anonymous_3)
FNDA:1,(anonymous_4)
FNDA:0,(anonymous_5)
FNDA:3,(anonymous_6)
FNDA:2,(anonymous_7)
DA:12,1
DA:15,6
DA:16,6
DA:17,6
DA:19,6
DA:22,6
DA:26,6
DA:30,1
DA:31,1
DA:32,1
DA:36,0
DA:37,0
DA:38,0
DA:42,3
DA:44,2
DA:45,1
DA:46,1
DA:47,1
LF:18
LH:15
BRDA:44,0,0,1
BRDA:44,0,1,1
BRF:2
BRH:2
end_of_record
TN:
SF:src/app/album/album-track-create/album-track-create.component.ts
FN:24,(anonymous_0)
FN:30,(anonymous_1)
FN:32,(anonymous_2)
FN:36,(anonymous_3)
FN:43,(anonymous_4)
FN:47,(anonymous_5)
FN:51,(anonymous_6)
FN:56,(anonymous_7)
FN:60,(anonymous_8)
FN:61,(anonymous_9)
FNF:10
FNH:5
FNDA:3,(anonymous_0)
FNDA:0,(anonymous_1)
FNDA:0,(anonymous_2)
FNDA:0,(anonymous_3)
FNDA:1,(anonymous_4)
FNDA:0,(anonymous_5)
FNDA:1,(anonymous_6)
FNDA:1,(anonymous_7)
FNDA:3,(anonymous_8)
FNDA:0,(anonymous_9)
DA:17,1
DA:18,3
DA:25,3
DA:26,3
DA:27,3
DA:31,0
DA:33,0
DA:34,0
DA:35,0
DA:37,0
DA:39,0
DA:40,0
DA:44,1
DA:48,0
DA:52,1
DA:57,1
DA:61,3
DA:62,0
DA:65,3
LF:19
LH:10
BRF:0
BRH:0
end_of_record
TN:
SF:src/app/albumstatus/albumstatus.enum.ts
FN:1,(anonymous_0)
FNF:1
FNH:1
FNDA:1,(anonymous_0)
DA:1,1
DA:2,1
DA:3,1
LF:3
LH:3
BRDA:1,0,0,1
BRDA:1,0,1,1
BRF:2
BRH:2
end_of_record
TN:
SF:src/app/band/band-detail.ts
FN:8,(anonymous_0)
FNF:1
FNH:1
FNDA:11,(anonymous_0)
DA:9,11
DA:16,11
DA:18,11
LF:3
LH:3
BRF:0
BRH:0
end_of_record
TN:
SF:src/app/band/band.service.ts
FN:12,(anonymous_0)
FN:14,(anonymous_1)
FN:18,(anonymous_2)
FNF:3
FNH:3
FNDA:20,(anonymous_0)
FNDA:14,(anonymous_1)
FNDA:3,(anonymous_2)
DA:10,1
DA:11,20
DA:12,20
DA:15,14
DA:19,3
DA:20,3
LF:6
LH:6
BRF:0
BRH:0
end_of_record
TN:
SF:src/app/band/band.ts
FN:7,(anonymous_0)
FNF:1
FNH:1
FNDA:11,(anonymous_0)
DA:8,11
DA:14,11
DA:16,11
LF:3
LH:3
BRF:0
BRH:0
end_of_record
TN:
SF:src/app/band/band-detail/band-detail.component.ts
FN:17,(anonymous_0)
FN:24,(anonymous_1)
FN:26,(anonymous_2)
FN:31,(anonymous_3)
FN:40,(anonymous_4)
FN:44,(anonymous_5)
FNF:6
FNH:5
FNDA:5,(anonymous_0)
FNDA:2,(anonymous_1)
FNDA:1,(anonymous_2)
FNDA:5,(anonymous_3)
FNDA:1,(anonymous_4)
FNDA:0,(anonymous_5)
DA:12,1
DA:14,5
DA:18,5
DA:19,5
DA:20,5
DA:26,2
DA:27,1
DA:32,5
DA:33,0
DA:34,0
DA:36,5
DA:41,1
DA:45,0
LF:13
LH:10
BRDA:32,0,0,0
BRDA:32,0,1,5
BRF:2
BRH:1
end_of_record
TN:
SF:src/app/band/band-list/band-list.component.ts
FN:18,(anonymous_0)
FN:21,(anonymous_1)
FN:23,(anonymous_2)
FN:29,(anonymous_3)
FN:33,(anonymous_4)
FN:38,(anonymous_5)
FN:42,(anonymous_6)
FN:44,(anonymous_7)
FN:52,(anonymous_8)
FNF:9
FNH:9
FNDA:11,(anonymous_0)
FNDA:13,(anonymous_1)
FNDA:1,(anonymous_2)
FNDA:11,(anonymous_3)
FNDA:3,(anonymous_4)
FNDA:1,(anonymous_5)
FNDA:3,(anonymous_6)
FNDA:2,(anonymous_7)
FNDA:1,(anonymous_8)
DA:10,1
DA:12,11
DA:13,11
DA:16,11
DA:18,11
DA:22,13
DA:24,1
DA:25,1
DA:30,11
DA:34,3
DA:35,3
DA:36,2
DA:38,1
DA:43,3
DA:45,2
DA:46,1
DA:47,1
DA:53,1
LF:18
LH:18
BRDA:34,0,0,1
BRDA:34,0,1,2
BRDA:35,1,0,2
BRDA:35,1,1,1
BRDA:45,2,0,1
BRDA:45,2,1,1
BRF:6
BRH:6
end_of_record
TN:
SF:src/app/collector/collector-detail.ts
FN:6,(anonymous_0)
FNF:1
FNH:1
FNDA:14,(anonymous_0)
DA:11,14
DA:12,14
DA:13,14
DA:15,14
LF:4
LH:4
BRF:0
BRH:0
end_of_record
TN:
SF:src/app/collector/collector-routing.module.ts
FNF:0
FNH:0
DA:6,1
DA:26,1
LF:2
LH:2
BRF:0
BRH:0
end_of_record
TN:
SF:src/app/collector/collector.module.ts
FNF:0
FNH:0
DA:22,1
LF:1
LH:1
BRF:0
BRH:0
end_of_record
TN:
SF:src/app/collector/collector.service.ts
FN:17,(anonymous_0)
FN:19,(anonymous_1)
FN:23,(anonymous_2)
FN:27,(anonymous_3)
FN:40,(anonymous_4)
FN:47,(anonymous_5)
FN:56,(anonymous_6)
FNF:7
FNH:7
FNDA:34,(anonymous_0)
FNDA:16,(anonymous_1)
FNDA:5,(anonymous_2)
FNDA:2,(anonymous_3)
FNDA:5,(anonymous_4)
FNDA:1,(anonymous_5)
FNDA:2,(anonymous_6)
DA:15,1
DA:16,34
DA:17,34
DA:20,16
DA:24,5
DA:28,2
DA:32,2
DA:33,2
DA:41,5
DA:48,1
DA:49,1
DA:50,1
DA:51,1
DA:57,2
DA:58,2
LF:15
LH:15
BRF:0
BRH:0
end_of_record
TN:
SF:src/app/collector/collector.ts
FN:2,(anonymous_0)
FNF:1
FNH:1
FNDA:15,(anonymous_0)
DA:3,15
DA:4,15
DA:5,15
DA:6,15
LF:4
LH:4
BRF:0
BRH:0
end_of_record
TN:
SF:src/app/collector/collector-album-create/collector-album-create.component.ts
FN:25,(anonymous_0)
FN:32,(anonymous_1)
FN:33,(anonymous_2)
FN:51,(anonymous_3)
FN:57,(anonymous_4)
FN:62,(anonymous_5)
FN:66,(anonymous_6)
FN:72,(anonymous_7)
FNF:8
FNH:6
FNDA:4,(anonymous_0)
FNDA:4,(anonymous_1)
FNDA:0,(anonymous_2)
FNDA:1,(anonymous_3)
FNDA:0,(anonymous_4)
FNDA:2,(anonymous_5)
FNDA:1,(anonymous_6)
FNDA:2,(anonymous_7)
DA:14,1
DA:17,4
DA:19,4
DA:23,4
DA:26,4
DA:27,4
DA:28,4
DA:29,4
DA:33,4
DA:34,0
DA:37,4
DA:38,8
DA:44,4
DA:53,1
DA:54,1
DA:55,1
DA:57,0
DA:59,1
DA:63,2
DA:67,1
DA:68,1
DA:69,1
DA:73,2
LF:23
LH:21
BRF:0
BRH:0
end_of_record
TN:
SF:src/app/collector/collector-detail/collector-detail.component.ts
FN:22,(anonymous_0)
FN:29,(anonymous_1)
FN:39,(anonymous_2)
FN:43,(anonymous_3)
FN:45,(anonymous_4)
FN:51,(anonymous_5)
FN:55,(anonymous_6)
FN:62,(anonymous_7)
FNF:8
FNH:7
FNDA:7,(anonymous_0)
FNDA:7,(anonymous_1)
FNDA:1,(anonymous_2)
FNDA:4,(anonymous_3)
FNDA:1,(anonymous_4)
FNDA:0,(anonymous_5)
FNDA:2,(anonymous_6)
FNDA:2,(anonymous_7)
DA:14,1
DA:17,7
DA:18,7
DA:19,7
DA:23,7
DA:24,7
DA:25,7
DA:31,7
DA:32,0
DA:33,0
DA:35,7
DA:40,1
DA:44,4
DA:46,1
DA:47,1
DA:52,0
DA:56,2
DA:57,1
DA:59,2
DA:63,2
DA:64,1
DA:66,2
LF:22
LH:19
BRDA:31,0,0,0
BRDA:31,0,1,7
BRDA:56,1,0,1
BRDA:56,1,1,1
BRDA:63,2,0,1
BRDA:63,2,1,1
BRF:6
BRH:5
end_of_record
TN:
SF:src/app/collector/collector-list/collector-list.component.ts
FN:17,(anonymous_0)
FN:19,(anonymous_1)
FN:20,(anonymous_2)
FN:25,(anonymous_3)
FN:26,(anonymous_4)
FN:29,(anonymous_5)
FN:31,(anonymous_6)
FN:38,(anonymous_7)
FN:42,(anonymous_8)
FNF:9
FNH:8
FNDA:8,(anonymous_0)
FNDA:10,(anonymous_1)
FNDA:1,(anonymous_2)
FNDA:1,(anonymous_3)
FNDA:0,(anonymous_4)
FNDA:2,(anonymous_5)
FNDA:1,(anonymous_6)
FNDA:1,(anonymous_7)
FNDA:8,(anonymous_8)
DA:11,1
DA:15,8
DA:17,8
DA:20,10
DA:21,1
DA:26,1
DA:30,2
DA:32,1
DA:33,1
DA:35,2
DA:39,1
DA:43,8
LF:12
LH:12
BRF:0
BRH:0
end_of_record
TN:
SF:src/app/collector/favorite-musician-creator/favorite-musician-creator.component.ts
FN:20,(anonymous_0)
FN:27,(anonymous_1)
FN:28,(anonymous_2)
FN:33,(anonymous_3)
FN:41,(anonymous_4)
FN:42,(anonymous_5)
FN:46,(anonymous_6)
FN:53,(anonymous_7)
FN:60,(anonymous_8)
FN:64,(anonymous_9)
FN:70,(anonymous_10)
FNF:11
FNH:7
FNDA:4,(anonymous_0)
FNDA:4,(anonymous_1)
FNDA:0,(anonymous_2)
FNDA:4,(anonymous_3)
FNDA:1,(anonymous_4)
FNDA:0,(anonymous_5)
FNDA:0,(anonymous_6)
FNDA:0,(anonymous_7)
FNDA:2,(anonymous_8)
FNDA:1,(anonymous_9)
FNDA:2,(anonymous_10)
DA:14,1
DA:18,4
DA:21,4
DA:22,4
DA:23,4
DA:24,4
DA:28,4
DA:29,0
DA:34,4
DA:36,4
DA:42,1
DA:43,1
DA:45,1
DA:46,0
DA:49,1
DA:50,0
DA:52,1
DA:53,0
DA:54,1
DA:57,1
DA:61,2
DA:65,1
DA:66,1
DA:67,1
DA:71,2
LF:25
LH:21
BRDA:45,0,0,0
BRDA:45,0,1,1
BRDA:49,1,0,0
BRDA:49,1,1,1
BRF:4
BRH:2
end_of_record
TN:
SF:src/app/collectoralbum/collectoralbum.ts
FN:7,(anonymous_0)
FNF:1
FNH:1
FNDA:4,(anonymous_0)
DA:8,4
DA:9,4
DA:10,4
DA:11,4
DA:12,4
LF:5
LH:5
BRF:0
BRH:0
end_of_record
TN:
SF:src/app/comment/comment.service.ts
FN:15,(anonymous_0)
FN:17,(anonymous_1)
FNF:2
FNH:2
FNDA:5,(anonymous_0)
FNDA:2,(anonymous_1)
DA:12,1
DA:13,5
DA:15,5
DA:18,2
DA:19,2
LF:5
LH:5
BRF:0
BRH:0
end_of_record
TN:
SF:src/app/comment/comment.ts
FN:5,(anonymous_0)
FNF:1
FNH:1
FNDA:1,(anonymous_0)
DA:6,1
DA:7,1
DA:8,1
DA:9,1
DA:10,1
LF:5
LH:5
BRF:0
BRH:0
end_of_record
TN:
SF:src/app/comment/comment-creator/comment-creator.component.ts
FN:22,(anonymous_0)
FN:29,(anonymous_1)
FN:30,(anonymous_2)
FN:35,(anonymous_3)
FN:45,(anonymous_4)
FN:47,(anonymous_5)
FN:55,(anonymous_6)
FN:59,(anonymous_7)
FN:64,(anonymous_8)
FNF:9
FNH:7
FNDA:4,(anonymous_0)
FNDA:4,(anonymous_1)
FNDA:0,(anonymous_2)
FNDA:4,(anonymous_3)
FNDA:1,(anonymous_4)
FNDA:0,(anonymous_5)
FNDA:2,(anonymous_6)
FNDA:1,(anonymous_7)
FNDA:2,(anonymous_8)
DA:16,1
DA:20,4
DA:23,4
DA:24,4
DA:25,4
DA:26,4
DA:30,4
DA:31,0
DA:36,4
DA:38,4
DA:46,1
DA:48,0
DA:49,0
DA:51,1
DA:52,1
DA:56,2
DA:60,1
DA:61,1
DA:65,2
LF:19
LH:16
BRF:0
BRH:0
end_of_record
TN:
SF:src/app/genre/genre.enum.ts
FN:1,(anonymous_0)
FNF:1
FNH:1
FNDA:1,(anonymous_0)
DA:1,1
DA:2,1
DA:3,1
DA:4,1
DA:5,1
LF:5
LH:5
BRDA:1,0,0,1
BRDA:1,0,1,1
BRF:2
BRH:2
end_of_record
TN:
SF:src/app/interceptors/http-error-response.service.ts
FN:10,(anonymous_0)
FN:11,(anonymous_1)
FN:14,(anonymous_2)
FNF:3
FNH:0
FNDA:0,(anonymous_0)
FNDA:0,(anonymous_1)
FNDA:0,(anonymous_2)
DA:8,1
DA:10,0
DA:12,0
DA:15,0
DA:16,0
DA:18,0
DA:19,0
DA:21,0
DA:22,0
DA:23,0
DA:25,0
DA:27,0
DA:29,0
DA:30,0
LF:14
LH:1
BRDA:18,0,0,0
BRDA:18,0,1,0
BRDA:21,1,0,0
BRDA:21,1,1,0
BRF:4
BRH:0
end_of_record
TN:
SF:src/app/musician/musician-routing.module.ts
FNF:0
FNH:0
DA:6,1
DA:21,1
LF:2
LH:2
BRF:0
BRH:0
end_of_record
TN:
SF:src/app/musician/musician.module.ts
FNF:0
FNH:0
DA:19,1
LF:1
LH:1
BRF:0
BRH:0
end_of_record
TN:
SF:src/app/musician/musician.service.ts
FN:14,(anonymous_0)
FN:16,(anonymous_1)
FN:20,(anonymous_2)
FN:26,(anonymous_3)
FN:30,(anonymous_4)
FNF:5
FNH:5
FNDA:31,(anonymous_0)
FNDA:19,(anonymous_1)
FNDA:4,(anonymous_2)
FNDA:4,(anonymous_3)
FNDA:1,(anonymous_4)
DA:12,1
DA:13,31
DA:14,31
DA:17,19
DA:21,4
DA:22,4
DA:27,4
DA:31,1
LF:8
LH:8
BRF:0
BRH:0
end_of_record
TN:
SF:src/app/musician/musician.ts
FN:7,(anonymous_0)
FNF:1
FNH:1
FNDA:12,(anonymous_0)
DA:8,12
DA:14,12
DA:16,12
LF:3
LH:3
BRF:0
BRH:0
end_of_record
TN:
SF:src/app/musician/musician-detail/musician-detail.component.ts
FN:18,(anonymous_0)
FN:25,(anonymous_1)
FN:27,(anonymous_2)
FN:32,(anonymous_3)
FN:41,(anonymous_4)
FN:45,(anonymous_5)
FN:49,(anonymous_6)
FNF:7
FNH:6
FNDA:6,(anonymous_0)
FNDA:3,(anonymous_1)
FNDA:1,(anonymous_2)
FNDA:6,(anonymous_3)
FNDA:1,(anonymous_4)
FNDA:0,(anonymous_5)
FNDA:2,(anonymous_6)
DA:12,1
DA:14,6
DA:16,6
DA:19,6
DA:20,6
DA:21,6
DA:27,3
DA:28,1
DA:33,6
DA:34,0
DA:35,0
DA:37,6
DA:42,1
DA:46,0
DA:50,2
DA:51,1
DA:53,2
LF:17
LH:14
BRDA:33,0,0,0
BRDA:33,0,1,6
BRDA:50,1,0,1
BRDA:50,1,1,1
BRF:4
BRH:3
end_of_record
TN:
SF:src/app/musician/musician-list/musician-list.component.ts
FN:19,(anonymous_0)
FN:22,(anonymous_1)
FN:24,(anonymous_2)
FN:30,(anonymous_3)
FN:34,(anonymous_4)
FN:39,(anonymous_5)
FN:43,(anonymous_6)
FN:45,(anonymous_7)
FN:53,(anonymous_8)
FNF:9
FNH:9
FNDA:11,(anonymous_0)
FNDA:13,(anonymous_1)
FNDA:1,(anonymous_2)
FNDA:11,(anonymous_3)
FNDA:3,(anonymous_4)
FNDA:1,(anonymous_5)
FNDA:3,(anonymous_6)
FNDA:2,(anonymous_7)
FNDA:1,(anonymous_8)
DA:11,1
DA:13,11
DA:14,11
DA:17,11
DA:19,11
DA:23,13
DA:25,1
DA:26,1
DA:31,11
DA:35,3
DA:36,3
DA:37,2
DA:39,1
DA:44,3
DA:46,2
DA:47,1
DA:48,1
DA:54,1
LF:18
LH:18
BRDA:35,0,0,1
BRDA:35,0,1,2
BRDA:36,1,0,2
BRDA:36,1,1,1
BRDA:46,2,0,1
BRDA:46,2,1,1
BRF:6
BRH:6
end_of_record
TN:
SF:src/app/musician/musicianband-create/musicianband-create.component.ts
FN:17,(anonymous_0)
FN:23,(anonymous_1)
FN:24,(anonymous_2)
FN:33,(anonymous_3)
FN:36,(anonymous_4)
FN:41,(anonymous_5)
FN:48,(anonymous_6)
FN:54,(anonymous_7)
FNF:8
FNH:5
FNDA:3,(anonymous_0)
FNDA:3,(anonymous_1)
FNDA:0,(anonymous_2)
FNDA:0,(anonymous_3)
FNDA:0,(anonymous_4)
FNDA:1,(anonymous_5)
FNDA:1,(anonymous_6)
FNDA:2,(anonymous_7)
DA:11,1
DA:13,3
DA:18,3
DA:19,3
DA:20,3
DA:24,3
DA:25,0
DA:27,3
DA:34,0
DA:35,0
DA:36,0
DA:42,1
DA:49,1
DA:50,1
DA:51,1
DA:55,2
LF:16
LH:12
BRF:0
BRH:0
end_of_record
TN:
SF:src/app/pagina-principal/pagina-principal.component.ts
FN:19,(anonymous_0)
FN:25,(anonymous_1)
FN:26,(anonymous_2)
FN:30,(anonymous_3)
FN:34,(anonymous_4)
FNF:5
FNH:5
FNDA:2,(anonymous_0)
FNDA:3,(anonymous_1)
FNDA:1,(anonymous_2)
FNDA:1,(anonymous_3)
FNDA:1,(anonymous_4)
DA:14,1
DA:20,2
DA:21,2
DA:22,2
DA:26,3
DA:27,1
DA:30,3
DA:31,1
DA:34,3
DA:35,1
LF:10
LH:10
BRF:0
BRH:0
end_of_record
TN:
SF:src/app/performer/performer.ts
FN:5,(anonymous_0)
FNF:1
FNH:1
FNDA:24,(anonymous_0)
DA:5,24
DA:6,24
DA:7,24
DA:8,24
DA:9,24
DA:10,24
LF:6
LH:6
BRF:0
BRH:0
end_of_record
TN:
SF:src/app/recordlabel/recordlabel.enum.ts
FN:1,(anonymous_0)
FNF:1
FNH:1
FNDA:1,(anonymous_0)
DA:1,1
DA:2,1
DA:3,1
DA:4,1
DA:5,1
DA:6,1
LF:6
LH:6
BRDA:1,0,0,1
BRDA:1,0,1,1
BRF:2
BRH:2
end_of_record
TN:
SF:src/app/track/track.ts
FN:4,(anonymous_0)
FNF:1
FNH:1
FNDA:1,(anonymous_0)
DA:5,1
DA:6,1
DA:7,1
DA:8,1
LF:4
LH:4
BRF:0
BRH:0
end_of_record
TN:
SF:src/environments/environment.ts
FNF:0
FNH:0
DA:4,1
DA:6,1
LF:2
LH:2
BRF:0
BRH:0
end_of_record
